
*** Running vivado
    with args -log lcd_dht11_watch_top.vds -m64 -product Vivado -mode batch -messageDb vivado.pb -notrace -source lcd_dht11_watch_top.tcl


****** Vivado v2024.2 (64-bit)
  **** SW Build 5239630 on Fri Nov 08 22:34:34 MST 2024
  **** IP Build 5239520 on Sun Nov 10 16:12:51 MST 2024
  **** SharedData Build 5239561 on Fri Nov 08 14:39:27 MST 2024
  **** Start of session at: Thu Aug 28 10:03:16 2025
    ** Copyright 1986-2022 Xilinx, Inc. All Rights Reserved.
    ** Copyright 2022-2024 Advanced Micro Devices, Inc. All Rights Reserved.

source lcd_dht11_watch_top.tcl -notrace
create_project: Time (s): cpu = 00:00:08 ; elapsed = 00:00:08 . Memory (MB): peak = 1486.457 ; gain = 12.902 ; free physical = 1550 ; free virtual = 10286
Command: read_checkpoint -auto_incremental -incremental /home/psh/smart_home_project/smart_home/smart_home.srcs/utils_1/imports/synth_1/lcd_top.dcp
INFO: [Vivado 12-5825] Read reference checkpoint from /home/psh/smart_home_project/smart_home/smart_home.srcs/utils_1/imports/synth_1/lcd_top.dcp for incremental synthesis
INFO: [Vivado 12-7989] Please ensure there are no constraint changes
Command: synth_design -top lcd_dht11_watch_top -part xc7a35tcpg236-1
Starting synth_design
Attempting to get a license for feature 'Synthesis' and/or device 'xc7a35t'
INFO: [Common 17-349] Got license for feature 'Synthesis' and/or device 'xc7a35t'
INFO: [Device 21-403] Loading part xc7a35tcpg236-1
INFO: [Synth 8-7079] Multithreading enabled for synth_design using a maximum of 7 processes.
INFO: [Synth 8-7078] Launching helper process for spawning children vivado processes
INFO: [Synth 8-7075] Helper process launched with PID 426135
---------------------------------------------------------------------------------
Starting RTL Elaboration : Time (s): cpu = 00:00:05 ; elapsed = 00:00:05 . Memory (MB): peak = 2088.516 ; gain = 426.832 ; free physical = 638 ; free virtual = 9380
---------------------------------------------------------------------------------
INFO: [Synth 8-6157] synthesizing module 'lcd_dht11_watch_top' [/home/psh/smart_home_project/smart_home/smart_home.srcs/sources_1/new/lcd_dht11_watch_top.v:23]
INFO: [Synth 8-6157] synthesizing module 'btn_cntr' [/home/psh/smart_home_project/smart_home/smart_home.srcs/sources_1/new/common.v:265]
INFO: [Synth 8-6157] synthesizing module 'debounce' [/home/psh/smart_home_project/smart_home/smart_home.srcs/sources_1/new/common.v:226]
INFO: [Synth 8-6155] done synthesizing module 'debounce' (0#1) [/home/psh/smart_home_project/smart_home/smart_home.srcs/sources_1/new/common.v:226]
INFO: [Synth 8-6157] synthesizing module 'edge_detector_p' [/home/psh/smart_home_project/smart_home/smart_home.srcs/sources_1/new/common.v:141]
INFO: [Synth 8-6155] done synthesizing module 'edge_detector_p' (0#1) [/home/psh/smart_home_project/smart_home/smart_home.srcs/sources_1/new/common.v:141]
INFO: [Synth 8-6155] done synthesizing module 'btn_cntr' (0#1) [/home/psh/smart_home_project/smart_home/smart_home.srcs/sources_1/new/common.v:265]
WARNING: [Synth 8-7071] port 'btn_nedge' of module 'btn_cntr' is unconnected for instance 'btn0' [/home/psh/smart_home_project/smart_home/smart_home.srcs/sources_1/new/lcd_dht11_watch_top.v:34]
WARNING: [Synth 8-7023] instance 'btn0' of module 'btn_cntr' has 5 connections declared, but only 4 given [/home/psh/smart_home_project/smart_home/smart_home.srcs/sources_1/new/lcd_dht11_watch_top.v:34]
WARNING: [Synth 8-7071] port 'btn_nedge' of module 'btn_cntr' is unconnected for instance 'btn1' [/home/psh/smart_home_project/smart_home/smart_home.srcs/sources_1/new/lcd_dht11_watch_top.v:35]
WARNING: [Synth 8-7023] instance 'btn1' of module 'btn_cntr' has 5 connections declared, but only 4 given [/home/psh/smart_home_project/smart_home/smart_home.srcs/sources_1/new/lcd_dht11_watch_top.v:35]
WARNING: [Synth 8-7071] port 'btn_nedge' of module 'btn_cntr' is unconnected for instance 'btn2' [/home/psh/smart_home_project/smart_home/smart_home.srcs/sources_1/new/lcd_dht11_watch_top.v:36]
WARNING: [Synth 8-7023] instance 'btn2' of module 'btn_cntr' has 5 connections declared, but only 4 given [/home/psh/smart_home_project/smart_home/smart_home.srcs/sources_1/new/lcd_dht11_watch_top.v:36]
WARNING: [Synth 8-7071] port 'btn_nedge' of module 'btn_cntr' is unconnected for instance 'btn3' [/home/psh/smart_home_project/smart_home/smart_home.srcs/sources_1/new/lcd_dht11_watch_top.v:37]
WARNING: [Synth 8-7023] instance 'btn3' of module 'btn_cntr' has 5 connections declared, but only 4 given [/home/psh/smart_home_project/smart_home/smart_home.srcs/sources_1/new/lcd_dht11_watch_top.v:37]
INFO: [Synth 8-6157] synthesizing module 'smart_watch' [/home/psh/smart_home_project/smart_home/smart_home.srcs/sources_1/new/common.v:1363]
INFO: [Synth 8-6155] done synthesizing module 'smart_watch' (0#1) [/home/psh/smart_home_project/smart_home/smart_home.srcs/sources_1/new/common.v:1363]
INFO: [Synth 8-6157] synthesizing module 'i2c_lcd_send_byte' [/home/psh/smart_home_project/smart_home/smart_home.srcs/sources_1/new/common.v:1066]
INFO: [Synth 8-6157] synthesizing module 'clock_div_100' [/home/psh/smart_home_project/smart_home/smart_home.srcs/sources_1/new/common.v:66]
INFO: [Synth 8-6155] done synthesizing module 'clock_div_100' (0#1) [/home/psh/smart_home_project/smart_home/smart_home.srcs/sources_1/new/common.v:66]
WARNING: [Synth 8-7071] port 'clk_div_100' of module 'clock_div_100' is unconnected for instance 'us_clk' [/home/psh/smart_home_project/smart_home/smart_home.srcs/sources_1/new/common.v:1085]
WARNING: [Synth 8-7071] port 'pedge_div_100' of module 'clock_div_100' is unconnected for instance 'us_clk' [/home/psh/smart_home_project/smart_home/smart_home.srcs/sources_1/new/common.v:1085]
WARNING: [Synth 8-7023] instance 'us_clk' of module 'clock_div_100' has 5 connections declared, but only 3 given [/home/psh/smart_home_project/smart_home/smart_home.srcs/sources_1/new/common.v:1085]
WARNING: [Synth 8-7071] port 'n_edge' of module 'edge_detector_p' is unconnected for instance 'send_ed' [/home/psh/smart_home_project/smart_home/smart_home.srcs/sources_1/new/common.v:1095]
WARNING: [Synth 8-7023] instance 'send_ed' of module 'edge_detector_p' has 5 connections declared, but only 4 given [/home/psh/smart_home_project/smart_home/smart_home.srcs/sources_1/new/common.v:1095]
INFO: [Synth 8-6157] synthesizing module 'I2C_master' [/home/psh/smart_home_project/smart_home/smart_home.srcs/sources_1/new/common.v:891]
WARNING: [Synth 8-7071] port 'clk_div_100' of module 'clock_div_100' is unconnected for instance 'us_clk' [/home/psh/smart_home_project/smart_home/smart_home.srcs/sources_1/new/common.v:910]
WARNING: [Synth 8-7071] port 'pedge_div_100' of module 'clock_div_100' is unconnected for instance 'us_clk' [/home/psh/smart_home_project/smart_home/smart_home.srcs/sources_1/new/common.v:910]
WARNING: [Synth 8-7023] instance 'us_clk' of module 'clock_div_100' has 5 connections declared, but only 3 given [/home/psh/smart_home_project/smart_home/smart_home.srcs/sources_1/new/common.v:910]
WARNING: [Synth 8-7071] port 'n_edge' of module 'edge_detector_p' is unconnected for instance 'comm_start_ed' [/home/psh/smart_home_project/smart_home/smart_home.srcs/sources_1/new/common.v:917]
WARNING: [Synth 8-7023] instance 'comm_start_ed' of module 'edge_detector_p' has 5 connections declared, but only 4 given [/home/psh/smart_home_project/smart_home/smart_home.srcs/sources_1/new/common.v:917]
INFO: [Synth 8-155] case statement is not full and has no default [/home/psh/smart_home_project/smart_home/smart_home.srcs/sources_1/new/common.v:979]
INFO: [Synth 8-6155] done synthesizing module 'I2C_master' (0#1) [/home/psh/smart_home_project/smart_home/smart_home.srcs/sources_1/new/common.v:891]
WARNING: [Synth 8-7071] port 'led' of module 'I2C_master' is unconnected for instance 'master' [/home/psh/smart_home_project/smart_home/smart_home.srcs/sources_1/new/common.v:1112]
WARNING: [Synth 8-7023] instance 'master' of module 'I2C_master' has 9 connections declared, but only 8 given [/home/psh/smart_home_project/smart_home/smart_home.srcs/sources_1/new/common.v:1112]
INFO: [Synth 8-155] case statement is not full and has no default [/home/psh/smart_home_project/smart_home/smart_home.srcs/sources_1/new/common.v:1134]
INFO: [Synth 8-6155] done synthesizing module 'i2c_lcd_send_byte' (0#1) [/home/psh/smart_home_project/smart_home/smart_home.srcs/sources_1/new/common.v:1066]
INFO: [Synth 8-6157] synthesizing module 'dht11_cntr' [/home/psh/smart_home_project/smart_home/smart_home.srcs/sources_1/new/common.v:294]
WARNING: [Synth 8-7071] port 'clk_div_100' of module 'clock_div_100' is unconnected for instance 'us_clk' [/home/psh/smart_home_project/smart_home/smart_home.srcs/sources_1/new/common.v:321]
WARNING: [Synth 8-7071] port 'pedge_div_100' of module 'clock_div_100' is unconnected for instance 'us_clk' [/home/psh/smart_home_project/smart_home/smart_home.srcs/sources_1/new/common.v:321]
WARNING: [Synth 8-7023] instance 'us_clk' of module 'clock_div_100' has 5 connections declared, but only 3 given [/home/psh/smart_home_project/smart_home/smart_home.srcs/sources_1/new/common.v:321]
INFO: [Synth 8-155] case statement is not full and has no default [/home/psh/smart_home_project/smart_home/smart_home.srcs/sources_1/new/common.v:466]
INFO: [Synth 8-6155] done synthesizing module 'dht11_cntr' (0#1) [/home/psh/smart_home_project/smart_home/smart_home.srcs/sources_1/new/common.v:294]
INFO: [Synth 8-155] case statement is not full and has no default [/home/psh/smart_home_project/smart_home/smart_home.srcs/sources_1/new/lcd_dht11_watch_top.v:189]
INFO: [Synth 8-155] case statement is not full and has no default [/home/psh/smart_home_project/smart_home/smart_home.srcs/sources_1/new/lcd_dht11_watch_top.v:149]
INFO: [Synth 8-6155] done synthesizing module 'lcd_dht11_watch_top' (0#1) [/home/psh/smart_home_project/smart_home/smart_home.srcs/sources_1/new/lcd_dht11_watch_top.v:23]
WARNING: [Synth 8-3848] Net led in module/entity I2C_master does not have driver. [/home/psh/smart_home_project/smart_home/smart_home.srcs/sources_1/new/common.v:897]
WARNING: [Synth 8-3848] Net led in module/entity i2c_lcd_send_byte does not have driver. [/home/psh/smart_home_project/smart_home/smart_home.srcs/sources_1/new/common.v:1073]
WARNING: [Synth 8-7137] Register count_usec_e_reg in module dht11_cntr has both Set and reset with same priority. This may cause simulation mismatches. Consider rewriting code  [/home/psh/smart_home_project/smart_home/smart_home.srcs/sources_1/new/common.v:392]
WARNING: [Synth 8-7137] Register dht11_buffer_reg in module dht11_cntr has both Set and reset with same priority. This may cause simulation mismatches. Consider rewriting code  [/home/psh/smart_home_project/smart_home/smart_home.srcs/sources_1/new/common.v:353]
WARNING: [Synth 8-7137] Register humidity_reg in module dht11_cntr has both Set and reset with same priority. This may cause simulation mismatches. Consider rewriting code  [/home/psh/smart_home_project/smart_home/smart_home.srcs/sources_1/new/common.v:500]
WARNING: [Synth 8-7137] Register temperature_reg in module dht11_cntr has both Set and reset with same priority. This may cause simulation mismatches. Consider rewriting code  [/home/psh/smart_home_project/smart_home/smart_home.srcs/sources_1/new/common.v:501]
WARNING: [Synth 8-7129] Port led[15] in module dht11_cntr is either unconnected or has no load
WARNING: [Synth 8-7129] Port led[14] in module dht11_cntr is either unconnected or has no load
WARNING: [Synth 8-7129] Port led[13] in module dht11_cntr is either unconnected or has no load
WARNING: [Synth 8-7129] Port led[12] in module dht11_cntr is either unconnected or has no load
WARNING: [Synth 8-7129] Port led[15] in module I2C_master is either unconnected or has no load
WARNING: [Synth 8-7129] Port led[14] in module I2C_master is either unconnected or has no load
WARNING: [Synth 8-7129] Port led[13] in module I2C_master is either unconnected or has no load
WARNING: [Synth 8-7129] Port led[12] in module I2C_master is either unconnected or has no load
WARNING: [Synth 8-7129] Port led[11] in module I2C_master is either unconnected or has no load
WARNING: [Synth 8-7129] Port led[10] in module I2C_master is either unconnected or has no load
WARNING: [Synth 8-7129] Port led[9] in module I2C_master is either unconnected or has no load
WARNING: [Synth 8-7129] Port led[8] in module I2C_master is either unconnected or has no load
WARNING: [Synth 8-7129] Port led[7] in module I2C_master is either unconnected or has no load
WARNING: [Synth 8-7129] Port led[6] in module I2C_master is either unconnected or has no load
WARNING: [Synth 8-7129] Port led[5] in module I2C_master is either unconnected or has no load
WARNING: [Synth 8-7129] Port led[4] in module I2C_master is either unconnected or has no load
WARNING: [Synth 8-7129] Port led[3] in module I2C_master is either unconnected or has no load
WARNING: [Synth 8-7129] Port led[2] in module I2C_master is either unconnected or has no load
WARNING: [Synth 8-7129] Port led[1] in module I2C_master is either unconnected or has no load
WARNING: [Synth 8-7129] Port led[0] in module I2C_master is either unconnected or has no load
WARNING: [Synth 8-7129] Port led[15] in module i2c_lcd_send_byte is either unconnected or has no load
WARNING: [Synth 8-7129] Port led[14] in module i2c_lcd_send_byte is either unconnected or has no load
WARNING: [Synth 8-7129] Port led[13] in module i2c_lcd_send_byte is either unconnected or has no load
WARNING: [Synth 8-7129] Port led[12] in module i2c_lcd_send_byte is either unconnected or has no load
WARNING: [Synth 8-7129] Port led[11] in module i2c_lcd_send_byte is either unconnected or has no load
WARNING: [Synth 8-7129] Port led[10] in module i2c_lcd_send_byte is either unconnected or has no load
WARNING: [Synth 8-7129] Port led[9] in module i2c_lcd_send_byte is either unconnected or has no load
WARNING: [Synth 8-7129] Port led[8] in module i2c_lcd_send_byte is either unconnected or has no load
WARNING: [Synth 8-7129] Port led[7] in module i2c_lcd_send_byte is either unconnected or has no load
WARNING: [Synth 8-7129] Port led[6] in module i2c_lcd_send_byte is either unconnected or has no load
WARNING: [Synth 8-7129] Port led[5] in module i2c_lcd_send_byte is either unconnected or has no load
WARNING: [Synth 8-7129] Port led[4] in module i2c_lcd_send_byte is either unconnected or has no load
WARNING: [Synth 8-7129] Port led[3] in module i2c_lcd_send_byte is either unconnected or has no load
WARNING: [Synth 8-7129] Port led[2] in module i2c_lcd_send_byte is either unconnected or has no load
WARNING: [Synth 8-7129] Port led[1] in module i2c_lcd_send_byte is either unconnected or has no load
WARNING: [Synth 8-7129] Port led[0] in module i2c_lcd_send_byte is either unconnected or has no load
---------------------------------------------------------------------------------
Finished RTL Elaboration : Time (s): cpu = 00:00:07 ; elapsed = 00:00:07 . Memory (MB): peak = 2165.484 ; gain = 503.801 ; free physical = 524 ; free virtual = 9255
---------------------------------------------------------------------------------
---------------------------------------------------------------------------------
Start Handling Custom Attributes
---------------------------------------------------------------------------------
---------------------------------------------------------------------------------
Finished Handling Custom Attributes : Time (s): cpu = 00:00:07 ; elapsed = 00:00:07 . Memory (MB): peak = 2183.297 ; gain = 521.613 ; free physical = 522 ; free virtual = 9253
---------------------------------------------------------------------------------
---------------------------------------------------------------------------------
Finished RTL Optimization Phase 1 : Time (s): cpu = 00:00:07 ; elapsed = 00:00:07 . Memory (MB): peak = 2183.297 ; gain = 521.613 ; free physical = 522 ; free virtual = 9253
---------------------------------------------------------------------------------
Netlist sorting complete. Time (s): cpu = 00:00:00.01 ; elapsed = 00:00:00.01 . Memory (MB): peak = 2183.297 ; gain = 0.000 ; free physical = 522 ; free virtual = 9253
INFO: [Project 1-570] Preparing netlist for logic optimization

Processing XDC Constraints
Initializing timing engine
Parsing XDC File [/home/psh/smart_home_project/smart_home/smart_home.srcs/constrs_1/imports/work/Basys-3-Master.xdc]
WARNING: [Vivado 12-584] No ports matched 'seg_7[0]'. [/home/psh/smart_home_project/smart_home/smart_home.srcs/constrs_1/imports/work/Basys-3-Master.xdc:50]
CRITICAL WARNING: [Common 17-55] 'set_property' expects at least one object. [/home/psh/smart_home_project/smart_home/smart_home.srcs/constrs_1/imports/work/Basys-3-Master.xdc:50]
Resolution: If [get_<value>] was used to populate the object, check to make sure this command returns at least one valid object.
WARNING: [Vivado 12-584] No ports matched 'seg_7[1]'. [/home/psh/smart_home_project/smart_home/smart_home.srcs/constrs_1/imports/work/Basys-3-Master.xdc:51]
CRITICAL WARNING: [Common 17-55] 'set_property' expects at least one object. [/home/psh/smart_home_project/smart_home/smart_home.srcs/constrs_1/imports/work/Basys-3-Master.xdc:51]
Resolution: If [get_<value>] was used to populate the object, check to make sure this command returns at least one valid object.
WARNING: [Vivado 12-584] No ports matched 'seg_7[2]'. [/home/psh/smart_home_project/smart_home/smart_home.srcs/constrs_1/imports/work/Basys-3-Master.xdc:52]
CRITICAL WARNING: [Common 17-55] 'set_property' expects at least one object. [/home/psh/smart_home_project/smart_home/smart_home.srcs/constrs_1/imports/work/Basys-3-Master.xdc:52]
Resolution: If [get_<value>] was used to populate the object, check to make sure this command returns at least one valid object.
WARNING: [Vivado 12-584] No ports matched 'seg_7[3]'. [/home/psh/smart_home_project/smart_home/smart_home.srcs/constrs_1/imports/work/Basys-3-Master.xdc:53]
CRITICAL WARNING: [Common 17-55] 'set_property' expects at least one object. [/home/psh/smart_home_project/smart_home/smart_home.srcs/constrs_1/imports/work/Basys-3-Master.xdc:53]
Resolution: If [get_<value>] was used to populate the object, check to make sure this command returns at least one valid object.
WARNING: [Vivado 12-584] No ports matched 'seg_7[4]'. [/home/psh/smart_home_project/smart_home/smart_home.srcs/constrs_1/imports/work/Basys-3-Master.xdc:54]
CRITICAL WARNING: [Common 17-55] 'set_property' expects at least one object. [/home/psh/smart_home_project/smart_home/smart_home.srcs/constrs_1/imports/work/Basys-3-Master.xdc:54]
Resolution: If [get_<value>] was used to populate the object, check to make sure this command returns at least one valid object.
WARNING: [Vivado 12-584] No ports matched 'seg_7[5]'. [/home/psh/smart_home_project/smart_home/smart_home.srcs/constrs_1/imports/work/Basys-3-Master.xdc:55]
CRITICAL WARNING: [Common 17-55] 'set_property' expects at least one object. [/home/psh/smart_home_project/smart_home/smart_home.srcs/constrs_1/imports/work/Basys-3-Master.xdc:55]
Resolution: If [get_<value>] was used to populate the object, check to make sure this command returns at least one valid object.
WARNING: [Vivado 12-584] No ports matched 'seg_7[6]'. [/home/psh/smart_home_project/smart_home/smart_home.srcs/constrs_1/imports/work/Basys-3-Master.xdc:56]
CRITICAL WARNING: [Common 17-55] 'set_property' expects at least one object. [/home/psh/smart_home_project/smart_home/smart_home.srcs/constrs_1/imports/work/Basys-3-Master.xdc:56]
Resolution: If [get_<value>] was used to populate the object, check to make sure this command returns at least one valid object.
WARNING: [Vivado 12-584] No ports matched 'seg_7[7]'. [/home/psh/smart_home_project/smart_home/smart_home.srcs/constrs_1/imports/work/Basys-3-Master.xdc:58]
CRITICAL WARNING: [Common 17-55] 'set_property' expects at least one object. [/home/psh/smart_home_project/smart_home/smart_home.srcs/constrs_1/imports/work/Basys-3-Master.xdc:58]
Resolution: If [get_<value>] was used to populate the object, check to make sure this command returns at least one valid object.
WARNING: [Vivado 12-584] No ports matched 'com[0]'. [/home/psh/smart_home_project/smart_home/smart_home.srcs/constrs_1/imports/work/Basys-3-Master.xdc:60]
CRITICAL WARNING: [Common 17-55] 'set_property' expects at least one object. [/home/psh/smart_home_project/smart_home/smart_home.srcs/constrs_1/imports/work/Basys-3-Master.xdc:60]
Resolution: If [get_<value>] was used to populate the object, check to make sure this command returns at least one valid object.
WARNING: [Vivado 12-584] No ports matched 'com[1]'. [/home/psh/smart_home_project/smart_home/smart_home.srcs/constrs_1/imports/work/Basys-3-Master.xdc:61]
CRITICAL WARNING: [Common 17-55] 'set_property' expects at least one object. [/home/psh/smart_home_project/smart_home/smart_home.srcs/constrs_1/imports/work/Basys-3-Master.xdc:61]
Resolution: If [get_<value>] was used to populate the object, check to make sure this command returns at least one valid object.
WARNING: [Vivado 12-584] No ports matched 'com[2]'. [/home/psh/smart_home_project/smart_home/smart_home.srcs/constrs_1/imports/work/Basys-3-Master.xdc:62]
CRITICAL WARNING: [Common 17-55] 'set_property' expects at least one object. [/home/psh/smart_home_project/smart_home/smart_home.srcs/constrs_1/imports/work/Basys-3-Master.xdc:62]
Resolution: If [get_<value>] was used to populate the object, check to make sure this command returns at least one valid object.
WARNING: [Vivado 12-584] No ports matched 'com[3]'. [/home/psh/smart_home_project/smart_home/smart_home.srcs/constrs_1/imports/work/Basys-3-Master.xdc:63]
CRITICAL WARNING: [Common 17-55] 'set_property' expects at least one object. [/home/psh/smart_home_project/smart_home/smart_home.srcs/constrs_1/imports/work/Basys-3-Master.xdc:63]
Resolution: If [get_<value>] was used to populate the object, check to make sure this command returns at least one valid object.
WARNING: [Vivado 12-584] No ports matched 'echo'. [/home/psh/smart_home_project/smart_home/smart_home.srcs/constrs_1/imports/work/Basys-3-Master.xdc:87]
CRITICAL WARNING: [Common 17-55] 'set_property' expects at least one object. [/home/psh/smart_home_project/smart_home/smart_home.srcs/constrs_1/imports/work/Basys-3-Master.xdc:87]
Resolution: If [get_<value>] was used to populate the object, check to make sure this command returns at least one valid object.
WARNING: [Vivado 12-584] No ports matched 'trig'. [/home/psh/smart_home_project/smart_home/smart_home.srcs/constrs_1/imports/work/Basys-3-Master.xdc:88]
CRITICAL WARNING: [Common 17-55] 'set_property' expects at least one object. [/home/psh/smart_home_project/smart_home/smart_home.srcs/constrs_1/imports/work/Basys-3-Master.xdc:88]
Resolution: If [get_<value>] was used to populate the object, check to make sure this command returns at least one valid object.
WARNING: [Vivado 12-584] No ports matched 'sg90'. [/home/psh/smart_home_project/smart_home/smart_home.srcs/constrs_1/imports/work/Basys-3-Master.xdc:90]
CRITICAL WARNING: [Common 17-55] 'set_property' expects at least one object. [/home/psh/smart_home_project/smart_home/smart_home.srcs/constrs_1/imports/work/Basys-3-Master.xdc:90]
Resolution: If [get_<value>] was used to populate the object, check to make sure this command returns at least one valid object.
WARNING: [Vivado 12-584] No ports matched 'row[0]'. [/home/psh/smart_home_project/smart_home/smart_home.srcs/constrs_1/imports/work/Basys-3-Master.xdc:95]
CRITICAL WARNING: [Common 17-55] 'set_property' expects at least one object. [/home/psh/smart_home_project/smart_home/smart_home.srcs/constrs_1/imports/work/Basys-3-Master.xdc:95]
Resolution: If [get_<value>] was used to populate the object, check to make sure this command returns at least one valid object.
WARNING: [Vivado 12-584] No ports matched 'row[1]'. [/home/psh/smart_home_project/smart_home/smart_home.srcs/constrs_1/imports/work/Basys-3-Master.xdc:96]
CRITICAL WARNING: [Common 17-55] 'set_property' expects at least one object. [/home/psh/smart_home_project/smart_home/smart_home.srcs/constrs_1/imports/work/Basys-3-Master.xdc:96]
Resolution: If [get_<value>] was used to populate the object, check to make sure this command returns at least one valid object.
WARNING: [Vivado 12-584] No ports matched 'row[2]'. [/home/psh/smart_home_project/smart_home/smart_home.srcs/constrs_1/imports/work/Basys-3-Master.xdc:97]
CRITICAL WARNING: [Common 17-55] 'set_property' expects at least one object. [/home/psh/smart_home_project/smart_home/smart_home.srcs/constrs_1/imports/work/Basys-3-Master.xdc:97]
Resolution: If [get_<value>] was used to populate the object, check to make sure this command returns at least one valid object.
WARNING: [Vivado 12-584] No ports matched 'row[3]'. [/home/psh/smart_home_project/smart_home/smart_home.srcs/constrs_1/imports/work/Basys-3-Master.xdc:98]
CRITICAL WARNING: [Common 17-55] 'set_property' expects at least one object. [/home/psh/smart_home_project/smart_home/smart_home.srcs/constrs_1/imports/work/Basys-3-Master.xdc:98]
Resolution: If [get_<value>] was used to populate the object, check to make sure this command returns at least one valid object.
WARNING: [Vivado 12-584] No ports matched 'column[0]'. [/home/psh/smart_home_project/smart_home/smart_home.srcs/constrs_1/imports/work/Basys-3-Master.xdc:99]
CRITICAL WARNING: [Common 17-55] 'set_property' expects at least one object. [/home/psh/smart_home_project/smart_home/smart_home.srcs/constrs_1/imports/work/Basys-3-Master.xdc:99]
Resolution: If [get_<value>] was used to populate the object, check to make sure this command returns at least one valid object.
WARNING: [Vivado 12-584] No ports matched 'column[1]'. [/home/psh/smart_home_project/smart_home/smart_home.srcs/constrs_1/imports/work/Basys-3-Master.xdc:100]
CRITICAL WARNING: [Common 17-55] 'set_property' expects at least one object. [/home/psh/smart_home_project/smart_home/smart_home.srcs/constrs_1/imports/work/Basys-3-Master.xdc:100]
Resolution: If [get_<value>] was used to populate the object, check to make sure this command returns at least one valid object.
WARNING: [Vivado 12-584] No ports matched 'column[2]'. [/home/psh/smart_home_project/smart_home/smart_home.srcs/constrs_1/imports/work/Basys-3-Master.xdc:101]
CRITICAL WARNING: [Common 17-55] 'set_property' expects at least one object. [/home/psh/smart_home_project/smart_home/smart_home.srcs/constrs_1/imports/work/Basys-3-Master.xdc:101]
Resolution: If [get_<value>] was used to populate the object, check to make sure this command returns at least one valid object.
WARNING: [Vivado 12-584] No ports matched 'column[3]'. [/home/psh/smart_home_project/smart_home/smart_home.srcs/constrs_1/imports/work/Basys-3-Master.xdc:102]
CRITICAL WARNING: [Common 17-55] 'set_property' expects at least one object. [/home/psh/smart_home_project/smart_home/smart_home.srcs/constrs_1/imports/work/Basys-3-Master.xdc:102]
Resolution: If [get_<value>] was used to populate the object, check to make sure this command returns at least one valid object.
Finished Parsing XDC File [/home/psh/smart_home_project/smart_home/smart_home.srcs/constrs_1/imports/work/Basys-3-Master.xdc]
INFO: [Project 1-236] Implementation specific constraints were found while reading constraint file [/home/psh/smart_home_project/smart_home/smart_home.srcs/constrs_1/imports/work/Basys-3-Master.xdc]. These constraints will be ignored for synthesis but will be used in implementation. Impacted constraints are listed in the file [.Xil/lcd_dht11_watch_top_propImpl.xdc].
Resolution: To avoid this warning, move constraints listed in [.Xil/lcd_dht11_watch_top_propImpl.xdc] to another XDC file and exclude this new file from synthesis with the used_in_synthesis property (File Properties dialog in GUI) and re-run elaboration/synthesis.
Completed Processing XDC Constraints

Netlist sorting complete. Time (s): cpu = 00:00:00 ; elapsed = 00:00:00 . Memory (MB): peak = 2335.047 ; gain = 0.000 ; free physical = 499 ; free virtual = 9241
INFO: [Project 1-111] Unisim Transformation Summary:
No Unisim elements were transformed.

Constraint Validation Runtime : Time (s): cpu = 00:00:00 ; elapsed = 00:00:00.01 . Memory (MB): peak = 2335.047 ; gain = 0.000 ; free physical = 499 ; free virtual = 9241
---------------------------------------------------------------------------------
Finished Constraint Validation : Time (s): cpu = 00:00:15 ; elapsed = 00:00:15 . Memory (MB): peak = 2335.047 ; gain = 673.363 ; free physical = 672 ; free virtual = 9402
---------------------------------------------------------------------------------
---------------------------------------------------------------------------------
Start Loading Part and Timing Information
---------------------------------------------------------------------------------
Loading part: xc7a35tcpg236-1
---------------------------------------------------------------------------------
Finished Loading Part and Timing Information : Time (s): cpu = 00:00:15 ; elapsed = 00:00:15 . Memory (MB): peak = 2343.051 ; gain = 681.367 ; free physical = 672 ; free virtual = 9402
---------------------------------------------------------------------------------
---------------------------------------------------------------------------------
Start Applying 'set_property' XDC Constraints
---------------------------------------------------------------------------------
---------------------------------------------------------------------------------
Finished applying 'set_property' XDC Constraints : Time (s): cpu = 00:00:15 ; elapsed = 00:00:15 . Memory (MB): peak = 2343.051 ; gain = 681.367 ; free physical = 672 ; free virtual = 9402
---------------------------------------------------------------------------------
---------------------------------------------------------------------------------
Start Preparing Guide Design
---------------------------------------------------------------------------------
CRITICAL WARNING: [Synth 8-6895] The reference checkpoint /home/psh/smart_home_project/smart_home/smart_home.srcs/utils_1/imports/synth_1/lcd_top.dcp is not suitable for use with incremental synthesis for this design. Please regenerate the checkpoint for this design with -incremental_synth switch in the same Vivado session that synth_design has been run. Synthesis will continue with the default flow
---------------------------------------------------------------------------------
Finished Doing Graph Differ : Time (s): cpu = 00:00:15 ; elapsed = 00:00:15 . Memory (MB): peak = 2343.051 ; gain = 681.367 ; free physical = 671 ; free virtual = 9403
---------------------------------------------------------------------------------
---------------------------------------------------------------------------------
Finished Preparing Guide Design : Time (s): cpu = 00:00:15 ; elapsed = 00:00:15 . Memory (MB): peak = 2343.051 ; gain = 681.367 ; free physical = 671 ; free virtual = 9403
---------------------------------------------------------------------------------
INFO: [Synth 8-802] inferred FSM for state register 'state_reg' in module 'dht11_cntr'
INFO: [Synth 8-802] inferred FSM for state register 'read_state_reg' in module 'dht11_cntr'
---------------------------------------------------------------------------------------------------
                   State |                     New Encoding |                Previous Encoding 
---------------------------------------------------------------------------------------------------
*
            S_WAIT_PEDGE |                               01 |                               01
            S_WAIT_NEDGE |                               10 |                               10
---------------------------------------------------------------------------------------------------
INFO: [Synth 8-3898] No Re-encoding of one hot register 'read_state_reg' in module 'dht11_cntr'
---------------------------------------------------------------------------------------------------
                   State |                     New Encoding |                Previous Encoding 
---------------------------------------------------------------------------------------------------
*
                  S_IDLE |                           000001 |                           000001
              S_LOW_18MS |                           000010 |                           000010
             S_HIGH_20US |                           000100 |                           000100
              S_LOW_80US |                           001000 |                           001000
             S_HIGH_80US |                           010000 |                           010000
             S_READ_DATA |                           100000 |                           100000
---------------------------------------------------------------------------------------------------
INFO: [Synth 8-3898] No Re-encoding of one hot register 'state_reg' in module 'dht11_cntr'
---------------------------------------------------------------------------------
Finished RTL Optimization Phase 2 : Time (s): cpu = 00:00:15 ; elapsed = 00:00:15 . Memory (MB): peak = 2343.051 ; gain = 681.367 ; free physical = 679 ; free virtual = 9408
---------------------------------------------------------------------------------


Incremental Synthesis Report Summary:

1. Incremental synthesis run: no

   Reason for not running incremental synthesis : 


INFO: [Synth 8-7130] Flow is switching to default flow due to incremental criteria not met. If you would like to alter this behaviour and have the flow terminate instead, please set the following parameter config_implementation {autoIncr.Synth.RejectBehavior Terminate}
---------------------------------------------------------------------------------
Start RTL Component Statistics 
---------------------------------------------------------------------------------
Detailed RTL Component Info : 
+---Adders : 
	   2 Input   33 Bit       Adders := 1     
	   2 Input   27 Bit       Adders := 1     
	   2 Input   11 Bit       Adders := 1     
	   4 Input    8 Bit       Adders := 1     
	   2 Input    8 Bit       Adders := 1     
	   2 Input    7 Bit       Adders := 4     
	   2 Input    6 Bit       Adders := 5     
	   2 Input    5 Bit       Adders := 1     
	   2 Input    3 Bit       Adders := 2     
+---Registers : 
	               40 Bit    Registers := 1     
	               36 Bit    Registers := 1     
	               32 Bit    Registers := 1     
	               11 Bit    Registers := 1     
	                8 Bit    Registers := 6     
	                7 Bit    Registers := 2     
	                6 Bit    Registers := 8     
	                3 Bit    Registers := 2     
	                1 Bit    Registers := 51    
+---Muxes : 
	   2 Input   40 Bit        Muxes := 12    
	   3 Input   40 Bit        Muxes := 6     
	   2 Input   33 Bit        Muxes := 1     
	   2 Input   27 Bit        Muxes := 1     
	   2 Input   11 Bit        Muxes := 1     
	   2 Input    8 Bit        Muxes := 2     
	   7 Input    8 Bit        Muxes := 1     
	   2 Input    6 Bit        Muxes := 10    
	   7 Input    6 Bit        Muxes := 2     
	   3 Input    6 Bit        Muxes := 2     
	   6 Input    6 Bit        Muxes := 1     
	   2 Input    5 Bit        Muxes := 2     
	   2 Input    4 Bit        Muxes := 1     
	   2 Input    3 Bit        Muxes := 3     
	   3 Input    2 Bit        Muxes := 1     
	   2 Input    2 Bit        Muxes := 3     
	   2 Input    1 Bit        Muxes := 67    
	   7 Input    1 Bit        Muxes := 14    
	   3 Input    1 Bit        Muxes := 4     
	  21 Input    1 Bit        Muxes := 1     
---------------------------------------------------------------------------------
Finished RTL Component Statistics 
---------------------------------------------------------------------------------
---------------------------------------------------------------------------------
Start Part Resource Summary
---------------------------------------------------------------------------------
Part Resources:
DSPs: 90 (col length:60)
BRAMs: 100 (col length: RAMB18 60 RAMB36 30)
---------------------------------------------------------------------------------
Finished Part Resource Summary
---------------------------------------------------------------------------------
---------------------------------------------------------------------------------
Start Cross Boundary and Area Optimization
---------------------------------------------------------------------------------
WARNING: [Synth 8-7080] Parallel synthesis criteria is not met
WARNING: [Synth 8-7129] Port led[15] in module dht11_cntr is either unconnected or has no load
WARNING: [Synth 8-7129] Port led[14] in module dht11_cntr is either unconnected or has no load
WARNING: [Synth 8-7129] Port led[13] in module dht11_cntr is either unconnected or has no load
WARNING: [Synth 8-7129] Port led[12] in module dht11_cntr is either unconnected or has no load
WARNING: [Synth 8-7129] Port led[15] in module i2c_lcd_send_byte is either unconnected or has no load
WARNING: [Synth 8-7129] Port led[14] in module i2c_lcd_send_byte is either unconnected or has no load
WARNING: [Synth 8-7129] Port led[13] in module i2c_lcd_send_byte is either unconnected or has no load
WARNING: [Synth 8-7129] Port led[12] in module i2c_lcd_send_byte is either unconnected or has no load
WARNING: [Synth 8-7129] Port led[11] in module i2c_lcd_send_byte is either unconnected or has no load
WARNING: [Synth 8-7129] Port led[10] in module i2c_lcd_send_byte is either unconnected or has no load
WARNING: [Synth 8-7129] Port led[9] in module i2c_lcd_send_byte is either unconnected or has no load
WARNING: [Synth 8-7129] Port led[8] in module i2c_lcd_send_byte is either unconnected or has no load
WARNING: [Synth 8-7129] Port led[7] in module i2c_lcd_send_byte is either unconnected or has no load
WARNING: [Synth 8-7129] Port led[6] in module i2c_lcd_send_byte is either unconnected or has no load
WARNING: [Synth 8-7129] Port led[5] in module i2c_lcd_send_byte is either unconnected or has no load
WARNING: [Synth 8-7129] Port led[4] in module i2c_lcd_send_byte is either unconnected or has no load
WARNING: [Synth 8-7129] Port led[3] in module i2c_lcd_send_byte is either unconnected or has no load
WARNING: [Synth 8-7129] Port led[2] in module i2c_lcd_send_byte is either unconnected or has no load
WARNING: [Synth 8-7129] Port led[1] in module i2c_lcd_send_byte is either unconnected or has no load
WARNING: [Synth 8-7129] Port led[0] in module i2c_lcd_send_byte is either unconnected or has no load
---------------------------------------------------------------------------------
Finished Cross Boundary and Area Optimization : Time (s): cpu = 00:00:22 ; elapsed = 00:00:22 . Memory (MB): peak = 2343.051 ; gain = 681.367 ; free physical = 606 ; free virtual = 9346
---------------------------------------------------------------------------------
---------------------------------------------------------------------------------
Start Applying XDC Timing Constraints
---------------------------------------------------------------------------------
---------------------------------------------------------------------------------
Finished Applying XDC Timing Constraints : Time (s): cpu = 00:00:28 ; elapsed = 00:00:29 . Memory (MB): peak = 2370.051 ; gain = 708.367 ; free physical = 574 ; free virtual = 9317
---------------------------------------------------------------------------------
---------------------------------------------------------------------------------
Start Timing Optimization
---------------------------------------------------------------------------------
---------------------------------------------------------------------------------
Finished Timing Optimization : Time (s): cpu = 00:00:30 ; elapsed = 00:00:31 . Memory (MB): peak = 2412.207 ; gain = 750.523 ; free physical = 539 ; free virtual = 9277
---------------------------------------------------------------------------------
---------------------------------------------------------------------------------
Start Technology Mapping
---------------------------------------------------------------------------------
---------------------------------------------------------------------------------
Finished Technology Mapping : Time (s): cpu = 00:00:31 ; elapsed = 00:00:31 . Memory (MB): peak = 2412.207 ; gain = 750.523 ; free physical = 531 ; free virtual = 9275
---------------------------------------------------------------------------------
---------------------------------------------------------------------------------
Start IO Insertion
---------------------------------------------------------------------------------
---------------------------------------------------------------------------------
Start Flattening Before IO Insertion
---------------------------------------------------------------------------------
---------------------------------------------------------------------------------
Finished Flattening Before IO Insertion
---------------------------------------------------------------------------------
---------------------------------------------------------------------------------
Start Final Netlist Cleanup
---------------------------------------------------------------------------------
---------------------------------------------------------------------------------
Finished Final Netlist Cleanup
---------------------------------------------------------------------------------
---------------------------------------------------------------------------------
Finished IO Insertion : Time (s): cpu = 00:00:35 ; elapsed = 00:00:35 . Memory (MB): peak = 2558.020 ; gain = 896.336 ; free physical = 374 ; free virtual = 9125
---------------------------------------------------------------------------------
---------------------------------------------------------------------------------
Start Renaming Generated Instances
---------------------------------------------------------------------------------
---------------------------------------------------------------------------------
Finished Renaming Generated Instances : Time (s): cpu = 00:00:35 ; elapsed = 00:00:35 . Memory (MB): peak = 2558.020 ; gain = 896.336 ; free physical = 374 ; free virtual = 9125
---------------------------------------------------------------------------------
---------------------------------------------------------------------------------
Start Rebuilding User Hierarchy
---------------------------------------------------------------------------------
---------------------------------------------------------------------------------
Finished Rebuilding User Hierarchy : Time (s): cpu = 00:00:35 ; elapsed = 00:00:35 . Memory (MB): peak = 2558.020 ; gain = 896.336 ; free physical = 374 ; free virtual = 9125
---------------------------------------------------------------------------------
---------------------------------------------------------------------------------
Start Renaming Generated Ports
---------------------------------------------------------------------------------
---------------------------------------------------------------------------------
Finished Renaming Generated Ports : Time (s): cpu = 00:00:35 ; elapsed = 00:00:35 . Memory (MB): peak = 2558.020 ; gain = 896.336 ; free physical = 374 ; free virtual = 9125
---------------------------------------------------------------------------------
---------------------------------------------------------------------------------
Start Handling Custom Attributes
---------------------------------------------------------------------------------
---------------------------------------------------------------------------------
Finished Handling Custom Attributes : Time (s): cpu = 00:00:35 ; elapsed = 00:00:35 . Memory (MB): peak = 2558.020 ; gain = 896.336 ; free physical = 374 ; free virtual = 9125
---------------------------------------------------------------------------------
---------------------------------------------------------------------------------
Start Renaming Generated Nets
---------------------------------------------------------------------------------
---------------------------------------------------------------------------------
Finished Renaming Generated Nets : Time (s): cpu = 00:00:35 ; elapsed = 00:00:35 . Memory (MB): peak = 2558.020 ; gain = 896.336 ; free physical = 374 ; free virtual = 9125
---------------------------------------------------------------------------------
---------------------------------------------------------------------------------
Start Writing Synthesis Report
---------------------------------------------------------------------------------

Report BlackBoxes: 
+-+--------------+----------+
| |BlackBox name |Instances |
+-+--------------+----------+
+-+--------------+----------+

Report Cell Usage: 
+------+-------+------+
|      |Cell   |Count |
+------+-------+------+
|1     |BUFG   |     1|
|2     |CARRY4 |    49|
|3     |LUT1   |     4|
|4     |LUT2   |    95|
|5     |LUT3   |    23|
|6     |LUT4   |   101|
|7     |LUT5   |    71|
|8     |LUT6   |   267|
|9     |FDCE   |   318|
|10    |FDPE   |    14|
|11    |FDRE   |    74|
|12    |IBUF   |     7|
|13    |IOBUF  |     1|
|14    |OBUF   |     2|
|15    |OBUFT  |    16|
+------+-------+------+
---------------------------------------------------------------------------------
Finished Writing Synthesis Report : Time (s): cpu = 00:00:35 ; elapsed = 00:00:35 . Memory (MB): peak = 2558.020 ; gain = 896.336 ; free physical = 374 ; free virtual = 9125
---------------------------------------------------------------------------------
Synthesis finished with 0 errors, 1 critical warnings and 21 warnings.
Synthesis Optimization Runtime : Time (s): cpu = 00:00:33 ; elapsed = 00:00:33 . Memory (MB): peak = 2558.020 ; gain = 744.586 ; free physical = 381 ; free virtual = 9122
Synthesis Optimization Complete : Time (s): cpu = 00:00:35 ; elapsed = 00:00:35 . Memory (MB): peak = 2558.027 ; gain = 896.336 ; free physical = 382 ; free virtual = 9123
INFO: [Project 1-571] Translating synthesized netlist
Netlist sorting complete. Time (s): cpu = 00:00:00.01 ; elapsed = 00:00:00.01 . Memory (MB): peak = 2558.027 ; gain = 0.000 ; free physical = 538 ; free virtual = 9278
INFO: [Netlist 29-17] Analyzing 50 Unisim elements for replacement
INFO: [Netlist 29-28] Unisim Transformation completed in 0 CPU seconds
INFO: [Project 1-570] Preparing netlist for logic optimization
INFO: [Opt 31-138] Pushed 0 inverter(s) to 0 load pin(s).
Netlist sorting complete. Time (s): cpu = 00:00:00 ; elapsed = 00:00:00 . Memory (MB): peak = 2614.047 ; gain = 0.000 ; free physical = 546 ; free virtual = 9303
INFO: [Project 1-111] Unisim Transformation Summary:
  A total of 1 instances were transformed.
  IOBUF => IOBUF (IBUF, OBUFT): 1 instance 

Synth Design complete | Checksum: ede21323
INFO: [Common 17-83] Releasing license: Synthesis
45 Infos, 109 Warnings, 24 Critical Warnings and 0 Errors encountered.
synth_design completed successfully
synth_design: Time (s): cpu = 00:00:46 ; elapsed = 00:00:42 . Memory (MB): peak = 2614.047 ; gain = 1120.652 ; free physical = 559 ; free virtual = 9300
INFO: [Common 17-2834] synth_design peak Physical Memory [PSS] (MB): overall = 1919.224; main = 1843.037; forked = 280.292
INFO: [Common 17-2834] synth_design peak Virtual Memory [VSS] (MB): overall = 3333.105; main = 2614.051; forked = 920.895
INFO: [runtcl-6] Synthesis results are not added to the cache due to CRITICAL_WARNING
Write ShapeDB Complete: Time (s): cpu = 00:00:00.01 ; elapsed = 00:00:00 . Memory (MB): peak = 2638.059 ; gain = 0.000 ; free physical = 559 ; free virtual = 9300
INFO: [Common 17-1381] The checkpoint '/home/psh/smart_home_project/smart_home/smart_home.runs/synth_1/lcd_dht11_watch_top.dcp' has been generated.
INFO: [Vivado 12-24828] Executing command : report_utilization -file lcd_dht11_watch_top_utilization_synth.rpt -pb lcd_dht11_watch_top_utilization_synth.pb
INFO: [Common 17-206] Exiting Vivado at Thu Aug 28 10:04:11 2025...
